<?xml version="1.0" encoding="UTF-8"?>
<coverage generated="1630626539685" clover="3.2.0">
  <project timestamp="1630626539686" name="All files">
    <metrics statements="25" coveredstatements="20" conditionals="14" coveredconditionals="8" methods="9" coveredmethods="9" elements="48" coveredelements="37" complexity="0" loc="25" ncloc="25" packages="1" files="1" classes="1"/>
    <file name="eEmitter.js" path="/Users/kylefossman/Development/code/Post_Work/Airship/eEmitter/eEmitter.js">
      <metrics statements="25" coveredstatements="20" conditionals="14" coveredconditionals="8" methods="9" coveredmethods="9"/>
      <line num="3" count="1" type="stmt"/>
      <line num="8" count="3" type="cond" truecount="1" falsecount="1"/>
      <line num="9" count="0" type="stmt"/>
      <line num="12" count="3" type="cond" truecount="2" falsecount="0"/>
      <line num="14" count="3" type="stmt"/>
      <line num="19" count="1" type="cond" truecount="1" falsecount="1"/>
      <line num="20" count="0" type="stmt"/>
      <line num="23" count="1" type="stmt"/>
      <line num="24" count="1" type="stmt"/>
      <line num="25" count="1" type="stmt"/>
      <line num="28" count="1" type="cond" truecount="1" falsecount="1"/>
      <line num="30" count="1" type="stmt"/>
      <line num="36" count="3" type="cond" truecount="1" falsecount="1"/>
      <line num="37" count="0" type="stmt"/>
      <line num="40" count="6" type="stmt"/>
      <line num="44" count="1" type="cond" truecount="1" falsecount="1"/>
      <line num="45" count="0" type="stmt"/>
      <line num="47" count="1" type="stmt"/>
      <line num="52" count="1" type="cond" truecount="1" falsecount="1"/>
      <line num="53" count="0" type="stmt"/>
      <line num="56" count="1" type="stmt"/>
      <line num="57" count="2" type="stmt"/>
      <line num="60" count="1" type="stmt"/>
      <line num="64" count="1" type="stmt"/>
      <line num="67" count="1" type="stmt"/>
    </file>
  </project>
</coverage>
