{"/Users/kylefossman/Development/code/Post_Work/Airship/eEmitter/eEmitter.js": {"path":"/Users/kylefossman/Development/code/Post_Work/Airship/eEmitter/eEmitter.js","statementMap":{"0":{"start":{"line":3,"column":8},"end":{"line":3,"column":24}},"1":{"start":{"line":8,"column":8},"end":{"line":10,"column":9}},"2":{"start":{"line":9,"column":10},"end":{"line":9,"column":56}},"3":{"start":{"line":12,"column":8},"end":{"line":12,"column":51}},"4":{"start":{"line":14,"column":8},"end":{"line":14,"column":41}},"5":{"start":{"line":19,"column":8},"end":{"line":21,"column":9}},"6":{"start":{"line":20,"column":12},"end":{"line":20,"column":58}},"7":{"start":{"line":23,"column":24},"end":{"line":26,"column":9}},"8":{"start":{"line":24,"column":12},"end":{"line":24,"column":29}},"9":{"start":{"line":25,"column":12},"end":{"line":25,"column":46}},"10":{"start":{"line":28,"column":8},"end":{"line":28,"column":51}},"11":{"start":{"line":30,"column":8},"end":{"line":30,"column":39}},"12":{"start":{"line":36,"column":8},"end":{"line":38,"column":9}},"13":{"start":{"line":37,"column":12},"end":{"line":37,"column":103}},"14":{"start":{"line":40,"column":8},"end":{"line":40,"column":81}},"15":{"start":{"line":40,"column":58},"end":{"line":40,"column":80}},"16":{"start":{"line":44,"column":8},"end":{"line":46,"column":9}},"17":{"start":{"line":45,"column":12},"end":{"line":45,"column":104}},"18":{"start":{"line":47,"column":8},"end":{"line":47,"column":30}},"19":{"start":{"line":52,"column":8},"end":{"line":54,"column":9}},"20":{"start":{"line":53,"column":12},"end":{"line":53,"column":59}},"21":{"start":{"line":56,"column":30},"end":{"line":58,"column":9}},"22":{"start":{"line":57,"column":12},"end":{"line":57,"column":29}},"23":{"start":{"line":60,"column":8},"end":{"line":60,"column":48}},"24":{"start":{"line":64,"column":21},"end":{"line":64,"column":35}},"25":{"start":{"line":67,"column":0},"end":{"line":67,"column":29}}},"fnMap":{"0":{"name":"(anonymous_0)","decl":{"start":{"line":2,"column":4},"end":{"line":2,"column":5}},"loc":{"start":{"line":2,"column":18},"end":{"line":4,"column":5}},"line":2},"1":{"name":"(anonymous_1)","decl":{"start":{"line":6,"column":4},"end":{"line":6,"column":5}},"loc":{"start":{"line":6,"column":23},"end":{"line":15,"column":5}},"line":6},"2":{"name":"(anonymous_2)","decl":{"start":{"line":17,"column":4},"end":{"line":17,"column":5}},"loc":{"start":{"line":17,"column":24},"end":{"line":32,"column":5}},"line":17},"3":{"name":"(anonymous_3)","decl":{"start":{"line":23,"column":24},"end":{"line":23,"column":25}},"loc":{"start":{"line":23,"column":37},"end":{"line":26,"column":9}},"line":23},"4":{"name":"(anonymous_4)","decl":{"start":{"line":34,"column":4},"end":{"line":34,"column":5}},"loc":{"start":{"line":34,"column":43},"end":{"line":41,"column":5}},"line":34},"5":{"name":"(anonymous_5)","decl":{"start":{"line":40,"column":53},"end":{"line":40,"column":54}},"loc":{"start":{"line":40,"column":58},"end":{"line":40,"column":80}},"line":40},"6":{"name":"(anonymous_6)","decl":{"start":{"line":43,"column":4},"end":{"line":43,"column":5}},"loc":{"start":{"line":43,"column":33},"end":{"line":48,"column":5}},"line":43},"7":{"name":"(anonymous_7)","decl":{"start":{"line":50,"column":4},"end":{"line":50,"column":5}},"loc":{"start":{"line":50,"column":24},"end":{"line":61,"column":5}},"line":50},"8":{"name":"(anonymous_8)","decl":{"start":{"line":56,"column":30},"end":{"line":56,"column":31}},"loc":{"start":{"line":56,"column":44},"end":{"line":58,"column":9}},"line":56}},"branchMap":{"0":{"loc":{"start":{"line":8,"column":8},"end":{"line":10,"column":9}},"type":"if","locations":[{"start":{"line":8,"column":8},"end":{"line":10,"column":9}},{"start":{"line":8,"column":8},"end":{"line":10,"column":9}}],"line":8},"1":{"loc":{"start":{"line":12,"column":28},"end":{"line":12,"column":51}},"type":"binary-expr","locations":[{"start":{"line":12,"column":28},"end":{"line":12,"column":45}},{"start":{"line":12,"column":49},"end":{"line":12,"column":51}}],"line":12},"2":{"loc":{"start":{"line":19,"column":8},"end":{"line":21,"column":9}},"type":"if","locations":[{"start":{"line":19,"column":8},"end":{"line":21,"column":9}},{"start":{"line":19,"column":8},"end":{"line":21,"column":9}}],"line":19},"3":{"loc":{"start":{"line":28,"column":28},"end":{"line":28,"column":51}},"type":"binary-expr","locations":[{"start":{"line":28,"column":28},"end":{"line":28,"column":45}},{"start":{"line":28,"column":49},"end":{"line":28,"column":51}}],"line":28},"4":{"loc":{"start":{"line":36,"column":8},"end":{"line":38,"column":9}},"type":"if","locations":[{"start":{"line":36,"column":8},"end":{"line":38,"column":9}},{"start":{"line":36,"column":8},"end":{"line":38,"column":9}}],"line":36},"5":{"loc":{"start":{"line":44,"column":8},"end":{"line":46,"column":9}},"type":"if","locations":[{"start":{"line":44,"column":8},"end":{"line":46,"column":9}},{"start":{"line":44,"column":8},"end":{"line":46,"column":9}}],"line":44},"6":{"loc":{"start":{"line":52,"column":8},"end":{"line":54,"column":9}},"type":"if","locations":[{"start":{"line":52,"column":8},"end":{"line":54,"column":9}},{"start":{"line":52,"column":8},"end":{"line":54,"column":9}}],"line":52}},"s":{"0":1,"1":3,"2":0,"3":3,"4":3,"5":1,"6":0,"7":1,"8":1,"9":1,"10":1,"11":1,"12":3,"13":0,"14":3,"15":6,"16":1,"17":0,"18":1,"19":1,"20":0,"21":1,"22":2,"23":1,"24":1,"25":1},"f":{"0":1,"1":3,"2":1,"3":1,"4":3,"5":6,"6":1,"7":1,"8":2},"b":{"0":[0,3],"1":[3,2],"2":[0,1],"3":[1,0],"4":[0,3],"5":[0,1],"6":[0,1]},"_coverageSchema":"1a1c01bbd47fc00a2c39e90264f33305004495a9","hash":"a0485c85d0d7947008d48bc86c4a6fe25e22cadd"}
}
