TN:
SF:eEmitter.js
FN:2,(anonymous_0)
FN:6,(anonymous_1)
FN:17,(anonymous_2)
FN:23,(anonymous_3)
FN:34,(anonymous_4)
FN:40,(anonymous_5)
FN:43,(anonymous_6)
FN:50,(anonymous_7)
FN:56,(anonymous_8)
FNF:9
FNH:9
FNDA:1,(anonymous_0)
FNDA:3,(anonymous_1)
FNDA:1,(anonymous_2)
FNDA:1,(anonymous_3)
FNDA:3,(anonymous_4)
FNDA:6,(anonymous_5)
FNDA:1,(anonymous_6)
FNDA:1,(anonymous_7)
FNDA:2,(anonymous_8)
DA:3,1
DA:8,3
DA:9,0
DA:12,3
DA:14,3
DA:19,1
DA:20,0
DA:23,1
DA:24,1
DA:25,1
DA:28,1
DA:30,1
DA:36,3
DA:37,0
DA:40,6
DA:44,1
DA:45,0
DA:47,1
DA:52,1
DA:53,0
DA:56,1
DA:57,2
DA:60,1
DA:64,1
DA:67,1
LF:25
LH:20
BRDA:8,0,0,0
BRDA:8,0,1,3
BRDA:12,1,0,3
BRDA:12,1,1,2
BRDA:19,2,0,0
BRDA:19,2,1,1
BRDA:28,3,0,1
BRDA:28,3,1,0
BRDA:36,4,0,0
BRDA:36,4,1,3
BRDA:44,5,0,0
BRDA:44,5,1,1
BRDA:52,6,0,0
BRDA:52,6,1,1
BRF:14
BRH:8
end_of_record
